[2017-10-02 12:06:22.607] [jointLog] [info] parsing read library format
[2017-10-02 12:06:22.607] [jointLog] [info] There is 1 library.
[2017-10-02 12:06:22.644] [jointLog] [info] Loading Quasi index
[2017-10-02 12:06:22.658] [jointLog] [info] Loading 32-bit quasi index
[2017-10-02 12:06:40.091] [jointLog] [info] done
[2017-10-02 12:06:40.091] [jointLog] [info] Index contained 217082 targets
[2017-10-02 12:06:40.373] [jointLog] [info] Automatically detected most likely library type as SR
[2017-10-02 12:07:17.583] [jointLog] [info] Computed 228833 rich equivalence classes for further processing
[2017-10-02 12:07:17.583] [jointLog] [info] Counted 18190569 total reads in the equivalence classes 
[2017-10-02 12:07:17.583] [fileLog] [info] 
At end of round 0
==================
Observed 19248359 total fragments (19248359 in most recent round)

[2017-10-02 12:07:17.610] [jointLog] [info] Mapping rate = 94.5045%

[2017-10-02 12:07:17.611] [jointLog] [info] finished quantifyLibrary()
[2017-10-02 12:07:17.612] [jointLog] [info] Starting optimizer
[2017-10-02 12:07:17.729] [jointLog] [info] Marked 0 weighted equivalence classes as degenerate
[2017-10-02 12:07:17.736] [jointLog] [info] iteration = 0 | max rel diff. = 47.9262
[2017-10-02 12:07:18.329] [jointLog] [info] iteration = 100 | max rel diff. = 0.203267
[2017-10-02 12:07:18.925] [jointLog] [info] iteration = 200 | max rel diff. = 0.0546695
[2017-10-02 12:07:19.524] [jointLog] [info] iteration = 300 | max rel diff. = 0.0379265
[2017-10-02 12:07:20.124] [jointLog] [info] iteration = 400 | max rel diff. = 0.0344722
[2017-10-02 12:07:20.725] [jointLog] [info] iteration = 500 | max rel diff. = 0.0474339
[2017-10-02 12:07:21.326] [jointLog] [info] iteration = 600 | max rel diff. = 0.0646482
[2017-10-02 12:07:21.927] [jointLog] [info] iteration = 700 | max rel diff. = 0.0354394
[2017-10-02 12:07:22.530] [jointLog] [info] iteration = 800 | max rel diff. = 0.0154199
[2017-10-02 12:07:23.133] [jointLog] [info] iteration = 900 | max rel diff. = 0.0390898
[2017-10-02 12:07:23.736] [jointLog] [info] iteration = 1000 | max rel diff. = 0.0107908
[2017-10-02 12:07:24.343] [jointLog] [info] iteration = 1100 | max rel diff. = 0.0107908
[2017-10-02 12:07:24.949] [jointLog] [info] iteration = 1200 | max rel diff. = 0.0107908
[2017-10-02 12:07:25.186] [jointLog] [info] iteration = 1240 | max rel diff. = 0.00968338
[2017-10-02 12:07:25.206] [jointLog] [info] Finished optimizer
[2017-10-02 12:07:25.206] [jointLog] [info] writing output 

